Info: CustomCategory:V_MGR: 16 mini seconds publishing element
Info: CustomCategory:MGR: 16 mini seconds publishing element
Info: CapabilityPattern:EGRN_Proceso: 234 mini seconds publishing element
Info: CapabilityPattern:EGRN_Proceso: 234 mini seconds publishing process specific layout data
Info: CapabilityPattern:EGRN_A1: 156 mini seconds publishing element
Info: CapabilityPattern:EGRN_A2: 78 mini seconds publishing element
Info: CapabilityPattern:EGRN_A3: 109 mini seconds publishing element
Info: CapabilityPattern:GR_Proceso: 203 mini seconds publishing element
Info: CapabilityPattern:GR_Proceso: 281 mini seconds publishing process specific layout data
Info: CapabilityPattern:GR_A1: 93 mini seconds publishing element
Info: CapabilityPattern:GR_A2: 208 mini seconds publishing element
Info: CapabilityPattern:GR_A3: 110 mini seconds publishing element
Info: CustomCategory:GT: 10 mini seconds publishing element
Info: TermDefinition:accion_de_respuesta: 0 mini seconds publishing element
Info: TermDefinition:activo: 10 mini seconds publishing element
Info: TermDefinition:categoria_de_factores_de_riesgos: 0 mini seconds publishing element
Info: TermDefinition:categoria_de_riesgos: 10 mini seconds publishing element
Info: TermDefinition:causa: 0 mini seconds publishing element
Info: TermDefinition:consecuencia: 10 mini seconds publishing element
Info: TermDefinition:criterios_de_aceptacion_del_riesgo: 0 mini seconds publishing element
Info: TermDefinition:criterios_de_impacto_del_riesgo: 10 mini seconds publishing element
Info: TermDefinition:criterios_de_nivel_de_riesgo: 0 mini seconds publishing element
Info: TermDefinition:criterios_de_probabilidad_del_riesgo: 0 mini seconds publishing element
Info: TermDefinition:estimacion_del_impacto: 10 mini seconds publishing element
Info: TermDefinition:estrategia_de_gestion_de_riesgos: 0 mini seconds publishing element
Info: TermDefinition:evento_del_riesgo: 10 mini seconds publishing element
Info: TermDefinition:factor_de_riesgo: 0 mini seconds publishing element
Info: TermDefinition:metrica: 0 mini seconds publishing element
Info: TermDefinition:perfil_del_riesgo: 10 mini seconds publishing element
Info: TermDefinition:plan_de_gestion_del_riesgos: 0 mini seconds publishing element
Info: TermDefinition:poltica_de_riesgos: 10 mini seconds publishing element
Info: TermDefinition:recurso_de_gestion: 0 mini seconds publishing element
Info: TermDefinition:responsabilidad: 0 mini seconds publishing element
Info: TermDefinition:respuesta_al_riesgo: 0 mini seconds publishing element
Info: TermDefinition:riesgo: 0 mini seconds publishing element
Info: TermDefinition:variables_de_control: 10 mini seconds publishing element
Info: TaskDescriptor:EGRN_A1.01: 10 mini seconds publishing element
Info: TaskDescriptor:EGRN_A1.02: 10 mini seconds publishing element
Info: TaskDescriptor:EGRN_A1.03: 10 mini seconds publishing element
Info: TaskDescriptor:EGRN_A1.04: 10 mini seconds publishing element
Info: TaskDescriptor:EGRN_A1.05: 10 mini seconds publishing element
Info: TaskDescriptor:EGRN_A1.06: 10 mini seconds publishing element
Info: TaskDescriptor:EGRN_A1.07: 20 mini seconds publishing element
Info: TaskDescriptor:EGRN_A1.08: 10 mini seconds publishing element
Info: TaskDescriptor:EGRN_A1.09: 10 mini seconds publishing element
Info: TaskDescriptor:EGRN_A1.10: 20 mini seconds publishing element
Info: TaskDescriptor:EGRN_A2.01: 10 mini seconds publishing element
Info: TaskDescriptor:EGRN_A2.02: 10 mini seconds publishing element
Info: TaskDescriptor:EGRN_A3.01: 10 mini seconds publishing element
Info: TaskDescriptor:EGRN_A3.02: 10 mini seconds publishing element
Info: TaskDescriptor:EGRN_A3.03: 10 mini seconds publishing element
Info: TaskDescriptor:EGRN_A3.04: 10 mini seconds publishing element
Info: RoleDescriptor:CRN: 20 mini seconds publishing element
Info: RoleDescriptor:CEO: 10 mini seconds publishing element
Info: RoleDescriptor:EV: 10 mini seconds publishing element
Info: RoleDescriptor:GD: 10 mini seconds publishing element
Info: RoleDescriptor:RC: 0 mini seconds publishing element
Info: RoleDescriptor:RGRH: 10 mini seconds publishing element
Info: RoleDescriptor:RGRN: 20 mini seconds publishing element
Info: WorkProductDescriptor:WP_Acta_Apr_EGR: 10 mini seconds publishing element
Info: WorkProductDescriptor:WP_Acta_AFR_EGR: 0 mini seconds publishing element
Info: WorkProductDescriptor:WP_AR: 10 mini seconds publishing element
Info: WorkProductDescriptor:WP_DA: 10 mini seconds publishing element
Info: WorkProductDescriptor:WP_EGR: 10 mini seconds publishing element
Info: WorkProductDescriptor:WP_IE_EGR: 10 mini seconds publishing element
Info: WorkProductDescriptor:WP_IE_PGRA: 10 mini seconds publishing element
Info: WorkProductDescriptor:WP_IM_EGR: 10 mini seconds publishing element
Info: WorkProductDescriptor:WP_IS_PGRA: 50 mini seconds publishing element
Info: WorkProductDescriptor:WP_IS_EGR: 20 mini seconds publishing element
Info: WorkProductDescriptor:WP_IS_PM_EGR: 20 mini seconds publishing element
Info: WorkProductDescriptor:WP_IV_PM_EGR: 10 mini seconds publishing element
Info: WorkProductDescriptor:WP_IV_EGR: 10 mini seconds publishing element
Info: WorkProductDescriptor:WP_IS_PCEGR: 20 mini seconds publishing element
Info: WorkProductDescriptor:WP_IS_PCOM_EGR: 10 mini seconds publishing element
Info: WorkProductDescriptor:WP_LA: 10 mini seconds publishing element
Info: WorkProductDescriptor:WP_PC_EGR: 10 mini seconds publishing element
Info: WorkProductDescriptor:WP_PCOM_EGR: 10 mini seconds publishing element
Info: WorkProductDescriptor:WP_PM_EGR: 10 mini seconds publishing element
Info: WorkProductDescriptor:WP_PEO: 10 mini seconds publishing element
Info: WorkProductDescriptor:WP_PR: 0 mini seconds publishing element
Info: CapabilityPattern:EGRN_A1: 661 mini seconds publishing element
Info: CapabilityPattern:EGRN_A1: 406 mini seconds publishing process specific layout data
Info: RoleDescriptor:CRN: 0 mini seconds publishing element
Info: RoleDescriptor:RC: 0 mini seconds publishing element
Info: RoleDescriptor:RGRN: 16 mini seconds publishing element
Info: WorkProductDescriptor:WP_EGR: 0 mini seconds publishing element
Info: WorkProductDescriptor:WP_PC_EGR: 15 mini seconds publishing element
Info: WorkProductDescriptor:WP_PCOM_EGR: 0 mini seconds publishing element
Info: CapabilityPattern:EGRN_A2: 219 mini seconds publishing element
Info: CapabilityPattern:EGRN_A2: 421 mini seconds publishing process specific layout data
Info: RoleDescriptor:CRN: 15 mini seconds publishing element
Info: RoleDescriptor:CEO: 16 mini seconds publishing element
Info: RoleDescriptor:EV: 0 mini seconds publishing element
Info: RoleDescriptor:GD: 16 mini seconds publishing element
Info: RoleDescriptor:RGRN: 0 mini seconds publishing element
Info: WorkProductDescriptor:WP_EGR: 15 mini seconds publishing element
Info: CapabilityPattern:EGRN_A3: 562 mini seconds publishing element
Info: CapabilityPattern:EGRN_A3: 296 mini seconds publishing process specific layout data
Info: TaskDescriptor:GR_A1.01: 16 mini seconds publishing element
Info: TaskDescriptor:GR_A1.02: 15 mini seconds publishing element
Info: TaskDescriptor:GR_A1.03: 16 mini seconds publishing element
Info: TaskDescriptor:GR_A2.01: 31 mini seconds publishing element
Info: TaskDescriptor:GR_A2.02: 16 mini seconds publishing element
Info: TaskDescriptor:GR_A2.03: 15 mini seconds publishing element
Info: TaskDescriptor:GR_A2.04: 16 mini seconds publishing element
Info: TaskDescriptor:GR_A2.05: 16 mini seconds publishing element
Info: TaskDescriptor:GR_A2.06: 15 mini seconds publishing element
Info: TaskDescriptor:GR_A3.1: 0 mini seconds publishing element
Info: TaskDescriptor:GR_A3.2: 16 mini seconds publishing element
Info: TaskDescriptor:GR_A3.3: 15 mini seconds publishing element
Info: RoleDescriptor:GD: 0 mini seconds publishing element
Info: RoleDescriptor:META: 16 mini seconds publishing element
Info: RoleDescriptor:RGRA: 0 mini seconds publishing element
Info: RoleDescriptor:RGRN: 16 mini seconds publishing element
Info: RoleDescriptor:RA: 15 mini seconds publishing element
Info: RoleDescriptor:RR: 16 mini seconds publishing element
Info: RoleDescriptor:EAS: 0 mini seconds publishing element
Info: WorkProductDescriptor:WP_Acta_AFR_GRA: 15 mini seconds publishing element
Info: WorkProductDescriptor:WP_CR: 16 mini seconds publishing element
Info: WorkProductDescriptor:WP_DA: 0 mini seconds publishing element
Info: WorkProductDescriptor:WP_IE_PGRA: 16 mini seconds publishing element
Info: WorkProductDescriptor:WP_ISR: 0 mini seconds publishing element
Info: WorkProductDescriptor:WP_IS_PGRA: 15 mini seconds publishing element
Info: WorkProductDescriptor:WP_IS_PTR: 16 mini seconds publishing element
Info: WorkProductDescriptor:WP_IS_PM_PGRA: 0 mini seconds publishing element
Info: WorkProductDescriptor:WP_LA: 15 mini seconds publishing element
Info: WorkProductDescriptor:WP_LCFRA: 0 mini seconds publishing element
Info: WorkProductDescriptor:WP_LCSRA: 16 mini seconds publishing element
Info: WorkProductDescriptor:WP_PRiesgo: 16 mini seconds publishing element
Info: WorkProductDescriptor:WP_PCOM_PGRA: 0 mini seconds publishing element
Info: WorkProductDescriptor:WP_PGRA: 15 mini seconds publishing element
Info: WorkProductDescriptor:WP_PGA: 0 mini seconds publishing element
Info: WorkProductDescriptor:WP_PM_PGRA: 16 mini seconds publishing element
Info: WorkProductDescriptor:WP_TR: 0 mini seconds publishing element
Info: WorkProductDescriptor:WP_PR: 15 mini seconds publishing element
Info: WorkProductDescriptor:WP_RR: 16 mini seconds publishing element
Info: CapabilityPattern:GR_A1: 374 mini seconds publishing element
Info: CapabilityPattern:GR_A1: 453 mini seconds publishing process specific layout data
Info: RoleDescriptor:GD: 15 mini seconds publishing element
Info: RoleDescriptor:META: 0 mini seconds publishing element
Info: RoleDescriptor:RGRA: 16 mini seconds publishing element
Info: RoleDescriptor:RGRN: 16 mini seconds publishing element
Info: RoleDescriptor:RA: 15 mini seconds publishing element
Info: WorkProductDescriptor:WP_DA: 0 mini seconds publishing element
Info: WorkProductDescriptor:WP_PGRA: 16 mini seconds publishing element
Info: CapabilityPattern:GR_A2: 187 mini seconds publishing element
Info: CapabilityPattern:GR_A2: 125 mini seconds publishing process specific layout data
Info: RoleDescriptor:GD: 15 mini seconds publishing element
Info: RoleDescriptor:META: 0 mini seconds publishing element
Info: RoleDescriptor:RGRA: 16 mini seconds publishing element
Info: RoleDescriptor:RGRN: 0 mini seconds publishing element
Info: RoleDescriptor:RA: 16 mini seconds publishing element
Info: RoleDescriptor:RR: 15 mini seconds publishing element
Info: RoleDescriptor:EAS: 0 mini seconds publishing element
Info: WorkProductDescriptor:WP_LA: 0 mini seconds publishing element
Info: WorkProductDescriptor:WP_PGRA: 16 mini seconds publishing element
Info: WorkProductDescriptor:WP_PM_PGRA: 0 mini seconds publishing element
Info: CapabilityPattern:GR_A3: 374 mini seconds publishing element
Info: CapabilityPattern:GR_A3: 265 mini seconds publishing process specific layout data
Info: Task:EGRN_A1.01: 78 mini seconds publishing element
Info: Whitepaper:D1_BPGRI: 16 mini seconds publishing element
Info: Task:EGRN_A1.02: 16 mini seconds publishing element
Info: Task:EGRN_A1.03: 46 mini seconds publishing element
Info: Task:EGRN_A1.04: 16 mini seconds publishing element
Info: Task:EGRN_A1.05: 16 mini seconds publishing element
Info: Task:EGRN_A1.06: 15 mini seconds publishing element
Info: Task:EGRN_A1.07: 0 mini seconds publishing element
Info: Task:EGRN_A1.08: 16 mini seconds publishing element
Info: Task:EGRN_A1.09: 15 mini seconds publishing element
Info: Task:EGRN_A1.10: 16 mini seconds publishing element
Info: Task:EGRN_A2.01: 0 mini seconds publishing element
Info: Task:EGRN_A2.02: 16 mini seconds publishing element
Info: Task:EGRN_A3.01: 15 mini seconds publishing element
Info: Task:EGRN_A3.02: 0 mini seconds publishing element
Info: Task:EGRN_A3.03: 16 mini seconds publishing element
Info: Task:EGRN_A3.04: 15 mini seconds publishing element
Info: Role:CRN: 47 mini seconds publishing element
Info: Role:CEO: 265 mini seconds publishing element
Info: Role:EV: 16 mini seconds publishing element
Info: Role:GD: 31 mini seconds publishing element
Info: Role:RC: 16 mini seconds publishing element
Info: Role:RGRH: 15 mini seconds publishing element
Info: Role:RGRN: 63 mini seconds publishing element
Info: Artifact:WP_Acta_Apr_EGR: 15 mini seconds publishing element
Info: Template:P_Acta: 0 mini seconds publishing element
Info: Artifact:WP_Acta_AFR_EGR: 16 mini seconds publishing element
Info: Artifact:WP_AR: 0 mini seconds publishing element
Info: Artifact:WP_DA: 16 mini seconds publishing element
Info: Artifact:WP_EGR: 0 mini seconds publishing element
Info: Template:P_EGR: 15 mini seconds publishing element
Info: Artifact:WP_IE_EGR: 0 mini seconds publishing element
Info: Template:P_IE: 16 mini seconds publishing element
Info: Artifact:WP_IE_PGRA: 0 mini seconds publishing element
Info: Artifact:WP_IM_EGR: 15 mini seconds publishing element
Info: Artifact:WP_IS_PGRA: 0 mini seconds publishing element
Info: Template:P_IS: 16 mini seconds publishing element
Info: Artifact:WP_IS_EGR: 0 mini seconds publishing element
Info: Artifact:WP_IS_PM_EGR: 16 mini seconds publishing element
Info: Artifact:WP_IV_PM_EGR: 0 mini seconds publishing element
Info: Template:P_IV: 15 mini seconds publishing element
Info: Artifact:WP_IV_EGR: 0 mini seconds publishing element
Info: Artifact:WP_IS_PCEGR: 0 mini seconds publishing element
Info: Artifact:WP_IS_PCOM_EGR: 16 mini seconds publishing element
Info: Artifact:WP_LA: 0 mini seconds publishing element
Info: Artifact:WP_PC_EGR: 15 mini seconds publishing element
Info: Artifact:WP_PCOM_EGR: 0 mini seconds publishing element
Info: Artifact:WP_PM_EGR: 0 mini seconds publishing element
Info: Artifact:WP_PEO: 16 mini seconds publishing element
Info: Artifact:WP_PR: 0 mini seconds publishing element
Info: Template:P_PR: 16 mini seconds publishing element
Info: Task:GR_A1.01: 0 mini seconds publishing element
Info: Task:GR_A1.02: 15 mini seconds publishing element
Info: Task:GR_A1.03: 31 mini seconds publishing element
Info: Task:GR_A2.01: 16 mini seconds publishing element
Info: Task:GR_A2.02: 16 mini seconds publishing element
Info: Task:GR_A2.03: 15 mini seconds publishing element
Info: Task:GR_A2.04: 16 mini seconds publishing element
Info: Task:GR_A2.05: 15 mini seconds publishing element
Info: Task:GR_A2.06: 16 mini seconds publishing element
Info: Task:GR_A3.1: 16 mini seconds publishing element
Info: Task:GR_A3.2: 15 mini seconds publishing element
Info: Task:GR_A3.3: 0 mini seconds publishing element
Info: Role:META: 16 mini seconds publishing element
Info: Role:RGRA: 47 mini seconds publishing element
Info: Role:RA: 46 mini seconds publishing element
Info: Role:RR: 32 mini seconds publishing element
Info: Role:EAS: 15 mini seconds publishing element
Info: Artifact:WP_Acta_AFR_GRA: 0 mini seconds publishing element
Info: Artifact:WP_CR: 16 mini seconds publishing element
Info: Template:P_CR: 0 mini seconds publishing element
Info: Artifact:WP_ISR: 0 mini seconds publishing element
Info: Template:P_ISR: 15 mini seconds publishing element
Info: Artifact:WP_IS_PTR: 0 mini seconds publishing element
Info: Artifact:WP_IS_PM_PGRA: 16 mini seconds publishing element
Info: Artifact:WP_LCFRA: 0 mini seconds publishing element
Info: Artifact:WP_LCSRA: 0 mini seconds publishing element
Info: Artifact:WP_PRiesgo: 16 mini seconds publishing element
Info: Template:P_PRiesgo: 0 mini seconds publishing element
Info: Artifact:WP_PCOM_PGRA: 15 mini seconds publishing element
Info: Artifact:WP_PGRA: 0 mini seconds publishing element
Info: Template:P_PGRA: 16 mini seconds publishing element
Info: Artifact:WP_PGA: 0 mini seconds publishing element
Info: Artifact:WP_PM_PGRA: 0 mini seconds publishing element
Info: Artifact:WP_TR: 15 mini seconds publishing element
Info: Template:P_TR: 0 mini seconds publishing element
Info: Artifact:WP_RR: 16 mini seconds publishing element
Info: Template:P_RR: 0 mini seconds publishing element
Info: Artifact:WP_Acta: 16 mini seconds publishing element
Info: Artifact:WP_Acta_Apr_PGRA: 0 mini seconds publishing element
Info: Artifact:WP_IE: 0 mini seconds publishing element
Info: Artifact:WP_IM: 15 mini seconds publishing element
Info: Artifact:WP_IS: 0 mini seconds publishing element
Info: Artifact:WP_IV: 0 mini seconds publishing element
Info: Artifact:WP_IV_PM_CR: 16 mini seconds publishing element
Info: Artifact:WP_IV_PGRA: 0 mini seconds publishing element
Info: Artifact:WP_PCOM: 0 mini seconds publishing element
Info: Artifact:WP_PM: 0 mini seconds publishing element
Info: Artifact:WP_IM_PGR: 15 mini seconds publishing element
Info: : Publishing time: 0 minutes 9 seconds
